2019-08-26T13:20:21.074713Z 0 [Warning] TIMESTAMP with implicit DEFAULT value is deprecated. Please use --explicit_defaults_for_timestamp server option (see documentation for more details).
2019-08-26T13:20:21.075193Z 0 [Note] /usr/sbin/mysqld (mysqld 5.7.23) starting as process 30 ...
2019-08-26T13:20:21.102098Z 0 [Note] InnoDB: PUNCH HOLE support available
2019-08-26T13:20:21.102526Z 0 [Note] InnoDB: Mutexes and rw_locks use GCC atomic builtins
2019-08-26T13:20:21.103127Z 0 [Note] InnoDB: Uses event mutexes
2019-08-26T13:20:21.103508Z 0 [Note] InnoDB: GCC builtin __atomic_thread_fence() is used for memory barrier
2019-08-26T13:20:21.103635Z 0 [Note] InnoDB: Compressed tables use zlib 1.2.3
2019-08-26T13:20:21.104489Z 0 [Note] InnoDB: Using Linux native AIO
2019-08-26T13:20:21.105801Z 0 [Note] InnoDB: Number of pools: 1
2019-08-26T13:20:21.106556Z 0 [Note] InnoDB: Using CPU crc32 instructions
2019-08-26T13:20:21.109444Z 0 [Note] InnoDB: Initializing buffer pool, total size = 32M, instances = 1, chunk size = 32M
2019-08-26T13:20:21.124977Z 0 [Note] InnoDB: Completed initialization of buffer pool
2019-08-26T13:20:21.133876Z 0 [Note] InnoDB: If the mysqld execution user is authorized, page cleaner thread priority can be changed. See the man page of setpriority().
2019-08-26T13:20:21.336327Z 0 [Note] InnoDB: Highest supported file format is Barracuda.
2019-08-26T13:20:21.421150Z 0 [Note] InnoDB: Log scan progressed past the checkpoint lsn 2588963
2019-08-26T13:20:21.421285Z 0 [Note] InnoDB: Doing recovery: scanned up to log sequence number 2591784
2019-08-26T13:20:21.471019Z 0 [Note] InnoDB: Database was not shutdown normally!
2019-08-26T13:20:21.471141Z 0 [Note] InnoDB: Starting crash recovery.
2019-08-26T13:20:24.045253Z 0 [Note] InnoDB: Starting an apply batch of log records to the database...
InnoDB: Progress in percent: 27 28 29 30 31 32 33 34 35 36 37 38 39 40 41 42 43 44 45 46 47 48 49 50 51 52 53 54 55 56 57 58 59 60 61 62 63 64 65 66 67 68 69 70 71 72 73 74 75 76 77 78 79 80 81 82 83 84 85 86 87 88 89 90 91 92 93 94 95 96 97 98 99 
2019-08-26T13:20:24.165780Z 0 [Note] InnoDB: Apply batch completed
2019-08-26T13:20:24.272301Z 0 [Note] InnoDB: Removed temporary tablespace data file: "ibtmp1"
2019-08-26T13:20:24.277414Z 0 [Note] InnoDB: Creating shared tablespace for temporary tables
2019-08-26T13:20:24.277778Z 0 [Note] InnoDB: Setting file './ibtmp1' size to 12 MB. Physically writing the file full; Please wait ...
2019-08-26T13:20:24.373821Z 0 [Note] InnoDB: File './ibtmp1' size is now 12 MB.
2019-08-26T13:20:24.375708Z 0 [Note] InnoDB: 96 redo rollback segment(s) found. 96 redo rollback segment(s) are active.
2019-08-26T13:20:24.376629Z 0 [Note] InnoDB: 32 non-redo rollback segment(s) are active.
2019-08-26T13:20:24.377312Z 0 [Note] InnoDB: Waiting for purge to start
2019-08-26T13:20:24.427921Z 0 [Note] InnoDB: 5.7.23 started; log sequence number 2591784
2019-08-26T13:20:24.428493Z 0 [Note] Plugin 'FEDERATED' is disabled.
2019-08-26T13:20:24.440246Z 0 [Warning] Failed to set up SSL because of the following SSL library error: SSL context is not usable without certificate and private key
2019-08-26T13:20:24.453661Z 0 [Note] Server hostname (bind-address): '*'; port: 3306
2019-08-26T13:20:24.454103Z 0 [Note] IPv6 is available.
2019-08-26T13:20:24.454513Z 0 [Note]   - '::' resolves to '::';
2019-08-26T13:20:24.454603Z 0 [Note] Server socket created on IP: '::'.
2019-08-26T13:20:24.497498Z 0 [Warning] Insecure configuration for --pid-file: Location '/var/run/mysqld' in the path is accessible to all OS users. Consider choosing a different directory.
2019-08-26T13:20:24.878100Z 0 [Note] InnoDB: Loading buffer pool(s) from /var/lib/mysql/ib_buffer_pool
2019-08-26T13:20:24.885169Z 0 [ERROR] /usr/sbin/mysqld: Table './mysql/user' is marked as crashed and should be repaired
2019-08-26T13:20:24.886207Z 0 [Warning] Checking table:   './mysql/user'
2019-08-26T13:20:24.886873Z 0 [ERROR] 1 client is using or hasn't closed the table properly
2019-08-26T13:20:24.888878Z 0 [Warning] 'user' entry 'root@localhost' ignored in --skip-name-resolve mode.
2019-08-26T13:20:24.889837Z 0 [Warning] 'user' entry 'mysql.session@localhost' ignored in --skip-name-resolve mode.
2019-08-26T13:20:24.890801Z 0 [Warning] 'user' entry 'mysql.sys@localhost' ignored in --skip-name-resolve mode.
2019-08-26T13:20:24.891404Z 0 [Warning] 'db' entry 'performance_schema mysql.session@localhost' ignored in --skip-name-resolve mode.
2019-08-26T13:20:24.891491Z 0 [Warning] 'db' entry 'sys mysql.sys@localhost' ignored in --skip-name-resolve mode.
2019-08-26T13:20:24.891772Z 0 [Warning] 'proxies_priv' entry '@ root@localhost' ignored in --skip-name-resolve mode.
2019-08-26T13:20:24.894206Z 0 [Warning] 'tables_priv' entry 'user mysql.session@localhost' ignored in --skip-name-resolve mode.
2019-08-26T13:20:24.894690Z 0 [Warning] 'tables_priv' entry 'sys_config mysql.sys@localhost' ignored in --skip-name-resolve mode.
2019-08-26T13:20:24.923170Z 0 [Note] Event Scheduler: Loaded 0 events
2019-08-26T13:20:24.931539Z 0 [Note] /usr/sbin/mysqld: ready for connections.
Version: '5.7.23'  socket: '/var/run/mysqld/mysqld.sock'  port: 3306  MySQL Community Server (GPL)
2019-08-26T13:20:25.300610Z 0 [Note] InnoDB: Buffer pool(s) load completed at 190826 13:20:25
2019-08-26T13:20:45.307329Z 4 [ERROR] /usr/sbin/mysqld: Table './mysql/proc' is marked as crashed and should be repaired
2019-08-26T13:20:45.307764Z 4 [Warning] Checking table:   './mysql/proc'
2019-08-26T13:20:45.401745Z 6 [Warning] 'user' entry 'root@localhost' ignored in --skip-name-resolve mode.
2019-08-26T13:20:45.401909Z 6 [Warning] 'user' entry 'mysql.session@localhost' ignored in --skip-name-resolve mode.
2019-08-26T13:20:45.402142Z 6 [Warning] 'user' entry 'mysql.sys@localhost' ignored in --skip-name-resolve mode.
2019-08-26T13:20:45.402279Z 6 [Warning] 'db' entry 'performance_schema mysql.session@localhost' ignored in --skip-name-resolve mode.
2019-08-26T13:20:45.402362Z 6 [Warning] 'db' entry 'sys mysql.sys@localhost' ignored in --skip-name-resolve mode.
2019-08-26T13:20:45.402450Z 6 [Warning] 'proxies_priv' entry '@ root@localhost' ignored in --skip-name-resolve mode.
2019-08-26T13:20:45.402790Z 6 [Warning] 'tables_priv' entry 'user mysql.session@localhost' ignored in --skip-name-resolve mode.
2019-08-26T13:20:45.402875Z 6 [Warning] 'tables_priv' entry 'sys_config mysql.sys@localhost' ignored in --skip-name-resolve mode.
2019-08-26T14:04:04.870082Z 0 [Note] Giving 0 client threads a chance to die gracefully
2019-08-26T14:04:04.870282Z 0 [Note] Shutting down slave threads
2019-08-26T14:04:04.870384Z 0 [Note] Forcefully disconnecting 0 remaining clients
2019-08-26T14:04:04.870484Z 0 [Note] Event Scheduler: Purging the queue. 0 events
2019-08-26T14:04:04.870660Z 0 [Note] Binlog end
2019-08-26T14:04:04.874709Z 0 [Note] Shutting down plugin 'ngram'
2019-08-26T14:04:04.874846Z 0 [Note] Shutting down plugin 'partition'
2019-08-26T14:04:04.874947Z 0 [Note] Shutting down plugin 'BLACKHOLE'
2019-08-26T14:04:04.875046Z 0 [Note] Shutting down plugin 'ARCHIVE'
2019-08-26T14:04:04.875143Z 0 [Note] Shutting down plugin 'PERFORMANCE_SCHEMA'
2019-08-26T14:04:04.876649Z 0 [Note] Shutting down plugin 'MRG_MYISAM'
2019-08-26T14:04:04.876770Z 0 [Note] Shutting down plugin 'MyISAM'
2019-08-26T14:04:04.876875Z 0 [Note] Shutting down plugin 'INNODB_SYS_VIRTUAL'
2019-08-26T14:04:04.876971Z 0 [Note] Shutting down plugin 'INNODB_SYS_DATAFILES'
2019-08-26T14:04:04.877417Z 0 [Note] Shutting down plugin 'INNODB_SYS_TABLESPACES'
2019-08-26T14:04:04.877488Z 0 [Note] Shutting down plugin 'INNODB_SYS_FOREIGN_COLS'
2019-08-26T14:04:04.877580Z 0 [Note] Shutting down plugin 'INNODB_SYS_FOREIGN'
2019-08-26T14:04:04.878174Z 0 [Note] Shutting down plugin 'INNODB_SYS_FIELDS'
2019-08-26T14:04:04.878268Z 0 [Note] Shutting down plugin 'INNODB_SYS_COLUMNS'
2019-08-26T14:04:04.878422Z 0 [Note] Shutting down plugin 'INNODB_SYS_INDEXES'
2019-08-26T14:04:04.879017Z 0 [Note] Shutting down plugin 'INNODB_SYS_TABLESTATS'
2019-08-26T14:04:04.879111Z 0 [Note] Shutting down plugin 'INNODB_SYS_TABLES'
2019-08-26T14:04:04.879368Z 0 [Note] Shutting down plugin 'INNODB_FT_INDEX_TABLE'
2019-08-26T14:04:04.880355Z 0 [Note] Shutting down plugin 'INNODB_FT_INDEX_CACHE'
2019-08-26T14:04:04.880688Z 0 [Note] Shutting down plugin 'INNODB_FT_CONFIG'
2019-08-26T14:04:04.881330Z 0 [Note] Shutting down plugin 'INNODB_FT_BEING_DELETED'
2019-08-26T14:04:04.882335Z 0 [Note] Shutting down plugin 'INNODB_FT_DELETED'
2019-08-26T14:04:04.882474Z 0 [Note] Shutting down plugin 'INNODB_FT_DEFAULT_STOPWORD'
2019-08-26T14:04:04.883148Z 0 [Note] Shutting down plugin 'INNODB_METRICS'
2019-08-26T14:04:04.883245Z 0 [Note] Shutting down plugin 'INNODB_TEMP_TABLE_INFO'
2019-08-26T14:04:04.883839Z 0 [Note] Shutting down plugin 'INNODB_BUFFER_POOL_STATS'
2019-08-26T14:04:04.884222Z 0 [Note] Shutting down plugin 'INNODB_BUFFER_PAGE_LRU'
2019-08-26T14:04:04.885204Z 0 [Note] Shutting down plugin 'INNODB_BUFFER_PAGE'
2019-08-26T14:04:04.886338Z 0 [Note] Shutting down plugin 'INNODB_CMP_PER_INDEX_RESET'
2019-08-26T14:04:04.886411Z 0 [Note] Shutting down plugin 'INNODB_CMP_PER_INDEX'
2019-08-26T14:04:04.886476Z 0 [Note] Shutting down plugin 'INNODB_CMPMEM_RESET'
2019-08-26T14:04:04.886541Z 0 [Note] Shutting down plugin 'INNODB_CMPMEM'
2019-08-26T14:04:04.886872Z 0 [Note] Shutting down plugin 'INNODB_CMP_RESET'
2019-08-26T14:04:04.887047Z 0 [Note] Shutting down plugin 'INNODB_CMP'
2019-08-26T14:04:04.887158Z 0 [Note] Shutting down plugin 'INNODB_LOCK_WAITS'
2019-08-26T14:04:04.887448Z 0 [Note] Shutting down plugin 'INNODB_LOCKS'
2019-08-26T14:04:04.890798Z 0 [Note] Shutting down plugin 'INNODB_TRX'
2019-08-26T14:04:04.890915Z 0 [Note] Shutting down plugin 'InnoDB'
2019-08-26T14:04:04.894611Z 0 [Note] InnoDB: FTS optimize thread exiting.
2019-08-26T14:04:04.895486Z 0 [Note] InnoDB: Starting shutdown...
2019-08-26T14:04:04.999816Z 0 [Note] InnoDB: Dumping buffer pool(s) to /var/lib/mysql/ib_buffer_pool
2019-08-26T14:04:05.000536Z 0 [Note] InnoDB: Buffer pool(s) dump completed at 190826 14:04:04
2019-08-26T14:04:06.421116Z 0 [Note] InnoDB: Shutdown completed; log sequence number 3951692
2019-08-26T14:04:06.421956Z 0 [Note] InnoDB: Removed temporary tablespace data file: "ibtmp1"
2019-08-26T14:04:06.422068Z 0 [Note] Shutting down plugin 'MEMORY'
2019-08-26T14:04:06.422174Z 0 [Note] Shutting down plugin 'CSV'
2019-08-26T14:04:06.422260Z 0 [Note] Shutting down plugin 'sha256_password'
2019-08-26T14:04:06.422344Z 0 [Note] Shutting down plugin 'mysql_native_password'
2019-08-26T14:04:06.422586Z 0 [Note] Shutting down plugin 'binlog'
2019-08-26T14:04:06.423431Z 0 [Note] /usr/sbin/mysqld: Shutdown complete

2019-09-02T12:54:19.980341Z 0 [Warning] TIMESTAMP with implicit DEFAULT value is deprecated. Please use --explicit_defaults_for_timestamp server option (see documentation for more details).
2019-09-02T12:54:20.009782Z 0 [Note] /usr/sbin/mysqld (mysqld 5.7.23) starting as process 93 ...
2019-09-02T12:54:20.192052Z 0 [Note] InnoDB: PUNCH HOLE support available
2019-09-02T12:54:20.192339Z 0 [Note] InnoDB: Mutexes and rw_locks use GCC atomic builtins
2019-09-02T12:54:20.193300Z 0 [Note] InnoDB: Uses event mutexes
2019-09-02T12:54:20.194281Z 0 [Note] InnoDB: GCC builtin __atomic_thread_fence() is used for memory barrier
2019-09-02T12:54:20.195252Z 0 [Note] InnoDB: Compressed tables use zlib 1.2.3
2019-09-02T12:54:20.195391Z 0 [Note] InnoDB: Using Linux native AIO
2019-09-02T12:54:20.199240Z 0 [Note] InnoDB: Number of pools: 1
2019-09-02T12:54:20.207955Z 0 [Note] InnoDB: Using CPU crc32 instructions
2019-09-02T12:54:20.212742Z 0 [Note] InnoDB: Initializing buffer pool, total size = 32M, instances = 1, chunk size = 32M
2019-09-02T12:54:20.228504Z 0 [Note] InnoDB: Completed initialization of buffer pool
2019-09-02T12:54:20.237940Z 0 [Note] InnoDB: If the mysqld execution user is authorized, page cleaner thread priority can be changed. See the man page of setpriority().
2019-09-02T12:54:20.268896Z 0 [Note] InnoDB: Highest supported file format is Barracuda.
2019-09-02T12:54:20.389261Z 0 [Note] InnoDB: Creating shared tablespace for temporary tables
2019-09-02T12:54:20.389735Z 0 [Note] InnoDB: Setting file './ibtmp1' size to 12 MB. Physically writing the file full; Please wait ...
2019-09-02T12:54:20.545459Z 0 [Note] InnoDB: File './ibtmp1' size is now 12 MB.
2019-09-02T12:54:20.547702Z 0 [Note] InnoDB: 96 redo rollback segment(s) found. 96 redo rollback segment(s) are active.
2019-09-02T12:54:20.547901Z 0 [Note] InnoDB: 32 non-redo rollback segment(s) are active.
2019-09-02T12:54:20.549386Z 0 [Note] InnoDB: Waiting for purge to start
2019-09-02T12:54:20.600257Z 0 [Note] InnoDB: 5.7.23 started; log sequence number 3951692
2019-09-02T12:54:20.604232Z 0 [Note] Plugin 'FEDERATED' is disabled.
2019-09-02T12:54:20.604423Z 0 [Note] InnoDB: Loading buffer pool(s) from /var/lib/mysql/ib_buffer_pool
2019-09-02T12:54:20.678390Z 0 [Note] InnoDB: Buffer pool(s) load completed at 190902 12:54:20
2019-09-02T12:54:20.718184Z 0 [Warning] Failed to set up SSL because of the following SSL library error: SSL context is not usable without certificate and private key
2019-09-02T12:54:20.718850Z 0 [Note] Server hostname (bind-address): '*'; port: 3306
2019-09-02T12:54:20.727194Z 0 [Note] IPv6 is available.
2019-09-02T12:54:20.738803Z 0 [Note]   - '::' resolves to '::';
2019-09-02T12:54:20.739383Z 0 [Note] Server socket created on IP: '::'.
2019-09-02T12:54:20.773758Z 0 [Warning] 'user' entry 'root@localhost' ignored in --skip-name-resolve mode.
2019-09-02T12:54:20.774554Z 0 [Warning] 'user' entry 'mysql.session@localhost' ignored in --skip-name-resolve mode.
2019-09-02T12:54:20.775620Z 0 [Warning] 'user' entry 'mysql.sys@localhost' ignored in --skip-name-resolve mode.
2019-09-02T12:54:20.777323Z 0 [Warning] 'db' entry 'performance_schema mysql.session@localhost' ignored in --skip-name-resolve mode.
2019-09-02T12:54:20.777449Z 0 [Warning] 'db' entry 'sys mysql.sys@localhost' ignored in --skip-name-resolve mode.
2019-09-02T12:54:20.778521Z 0 [Warning] 'proxies_priv' entry '@ root@localhost' ignored in --skip-name-resolve mode.
2019-09-02T12:54:20.797541Z 0 [Warning] 'tables_priv' entry 'user mysql.session@localhost' ignored in --skip-name-resolve mode.
2019-09-02T12:54:20.798008Z 0 [Warning] 'tables_priv' entry 'sys_config mysql.sys@localhost' ignored in --skip-name-resolve mode.
2019-09-02T12:54:20.859673Z 0 [Note] Event Scheduler: Loaded 0 events
2019-09-02T12:54:20.868440Z 0 [Note] /usr/sbin/mysqld: ready for connections.
Version: '5.7.23'  socket: '/var/run/mysqld/mysqld.sock'  port: 3306  MySQL Community Server (GPL)
2019-09-02T13:49:29.325417Z 0 [Note] Giving 0 client threads a chance to die gracefully
2019-09-02T13:49:29.326267Z 0 [Note] Shutting down slave threads
2019-09-02T13:49:29.326391Z 0 [Note] Forcefully disconnecting 0 remaining clients
2019-09-02T13:49:29.326520Z 0 [Note] Event Scheduler: Purging the queue. 0 events
2019-09-02T13:49:29.348328Z 0 [Note] Binlog end
2019-09-02T13:49:29.349461Z 0 [Note] Shutting down plugin 'ngram'
2019-09-02T13:49:29.349573Z 0 [Note] Shutting down plugin 'partition'
2019-09-02T13:49:29.349680Z 0 [Note] Shutting down plugin 'BLACKHOLE'
2019-09-02T13:49:29.349767Z 0 [Note] Shutting down plugin 'ARCHIVE'
2019-09-02T13:49:29.349862Z 0 [Note] Shutting down plugin 'PERFORMANCE_SCHEMA'
2019-09-02T13:49:29.350044Z 0 [Note] Shutting down plugin 'MRG_MYISAM'
2019-09-02T13:49:29.350149Z 0 [Note] Shutting down plugin 'MyISAM'
2019-09-02T13:49:29.350274Z 0 [Note] Shutting down plugin 'INNODB_SYS_VIRTUAL'
2019-09-02T13:49:29.350362Z 0 [Note] Shutting down plugin 'INNODB_SYS_DATAFILES'
2019-09-02T13:49:29.350448Z 0 [Note] Shutting down plugin 'INNODB_SYS_TABLESPACES'
2019-09-02T13:49:29.350533Z 0 [Note] Shutting down plugin 'INNODB_SYS_FOREIGN_COLS'
2019-09-02T13:49:29.350643Z 0 [Note] Shutting down plugin 'INNODB_SYS_FOREIGN'
2019-09-02T13:49:29.350732Z 0 [Note] Shutting down plugin 'INNODB_SYS_FIELDS'
2019-09-02T13:49:29.350817Z 0 [Note] Shutting down plugin 'INNODB_SYS_COLUMNS'
2019-09-02T13:49:29.350902Z 0 [Note] Shutting down plugin 'INNODB_SYS_INDEXES'
2019-09-02T13:49:29.350976Z 0 [Note] Shutting down plugin 'INNODB_SYS_TABLESTATS'
2019-09-02T13:49:29.351049Z 0 [Note] Shutting down plugin 'INNODB_SYS_TABLES'
2019-09-02T13:49:29.351124Z 0 [Note] Shutting down plugin 'INNODB_FT_INDEX_TABLE'
2019-09-02T13:49:29.351274Z 0 [Note] Shutting down plugin 'INNODB_FT_INDEX_CACHE'
2019-09-02T13:49:29.351350Z 0 [Note] Shutting down plugin 'INNODB_FT_CONFIG'
2019-09-02T13:49:29.351424Z 0 [Note] Shutting down plugin 'INNODB_FT_BEING_DELETED'
2019-09-02T13:49:29.351497Z 0 [Note] Shutting down plugin 'INNODB_FT_DELETED'
2019-09-02T13:49:29.351581Z 0 [Note] Shutting down plugin 'INNODB_FT_DEFAULT_STOPWORD'
2019-09-02T13:49:29.351654Z 0 [Note] Shutting down plugin 'INNODB_METRICS'
2019-09-02T13:49:29.351727Z 0 [Note] Shutting down plugin 'INNODB_TEMP_TABLE_INFO'
2019-09-02T13:49:29.351800Z 0 [Note] Shutting down plugin 'INNODB_BUFFER_POOL_STATS'
2019-09-02T13:49:29.351873Z 0 [Note] Shutting down plugin 'INNODB_BUFFER_PAGE_LRU'
2019-09-02T13:49:29.351946Z 0 [Note] Shutting down plugin 'INNODB_BUFFER_PAGE'
2019-09-02T13:49:29.352020Z 0 [Note] Shutting down plugin 'INNODB_CMP_PER_INDEX_RESET'
2019-09-02T13:49:29.352093Z 0 [Note] Shutting down plugin 'INNODB_CMP_PER_INDEX'
2019-09-02T13:49:29.352166Z 0 [Note] Shutting down plugin 'INNODB_CMPMEM_RESET'
2019-09-02T13:49:29.352239Z 0 [Note] Shutting down plugin 'INNODB_CMPMEM'
2019-09-02T13:49:29.352312Z 0 [Note] Shutting down plugin 'INNODB_CMP_RESET'
2019-09-02T13:49:29.352385Z 0 [Note] Shutting down plugin 'INNODB_CMP'
2019-09-02T13:49:29.352459Z 0 [Note] Shutting down plugin 'INNODB_LOCK_WAITS'
2019-09-02T13:49:29.352558Z 0 [Note] Shutting down plugin 'INNODB_LOCKS'
2019-09-02T13:49:29.352668Z 0 [Note] Shutting down plugin 'INNODB_TRX'
2019-09-02T13:49:29.352760Z 0 [Note] Shutting down plugin 'InnoDB'
2019-09-02T13:49:29.352951Z 0 [Note] InnoDB: FTS optimize thread exiting.
2019-09-02T13:49:29.353469Z 0 [Note] InnoDB: Starting shutdown...
2019-09-02T13:49:29.454022Z 0 [Note] InnoDB: Dumping buffer pool(s) to /var/lib/mysql/ib_buffer_pool
2019-09-02T13:49:29.454712Z 0 [Note] InnoDB: Buffer pool(s) dump completed at 190902 13:49:29
2019-09-02T13:49:30.993045Z 0 [Note] InnoDB: Shutdown completed; log sequence number 4556054
2019-09-02T13:49:30.998593Z 0 [Note] InnoDB: Removed temporary tablespace data file: "ibtmp1"
2019-09-02T13:49:30.998733Z 0 [Note] Shutting down plugin 'MEMORY'
2019-09-02T13:49:30.998811Z 0 [Note] Shutting down plugin 'CSV'
2019-09-02T13:49:30.998888Z 0 [Note] Shutting down plugin 'sha256_password'
2019-09-02T13:49:30.998968Z 0 [Note] Shutting down plugin 'mysql_native_password'
2019-09-02T13:49:30.999200Z 0 [Note] Shutting down plugin 'binlog'
2019-09-02T13:49:31.000212Z 0 [Note] /usr/sbin/mysqld: Shutdown complete

2019-09-03T13:54:12.271434Z 0 [Warning] TIMESTAMP with implicit DEFAULT value is deprecated. Please use --explicit_defaults_for_timestamp server option (see documentation for more details).
2019-09-03T13:54:12.273818Z 0 [Note] /usr/sbin/mysqld (mysqld 5.7.23) starting as process 78 ...
2019-09-03T13:54:12.308892Z 0 [Note] InnoDB: PUNCH HOLE support available
2019-09-03T13:54:12.309418Z 0 [Note] InnoDB: Mutexes and rw_locks use GCC atomic builtins
2019-09-03T13:54:12.310040Z 0 [Note] InnoDB: Uses event mutexes
2019-09-03T13:54:12.310388Z 0 [Note] InnoDB: GCC builtin __atomic_thread_fence() is used for memory barrier
2019-09-03T13:54:12.311378Z 0 [Note] InnoDB: Compressed tables use zlib 1.2.3
2019-09-03T13:54:12.312340Z 0 [Note] InnoDB: Using Linux native AIO
2019-09-03T13:54:12.314278Z 0 [Note] InnoDB: Number of pools: 1
2019-09-03T13:54:12.316474Z 0 [Note] InnoDB: Using CPU crc32 instructions
2019-09-03T13:54:12.319304Z 0 [Note] InnoDB: Initializing buffer pool, total size = 32M, instances = 1, chunk size = 32M
2019-09-03T13:54:12.330293Z 0 [Note] InnoDB: Completed initialization of buffer pool
2019-09-03T13:54:12.339888Z 0 [Note] InnoDB: If the mysqld execution user is authorized, page cleaner thread priority can be changed. See the man page of setpriority().
2019-09-03T13:54:12.350649Z 0 [Note] InnoDB: Highest supported file format is Barracuda.
2019-09-03T13:54:12.391410Z 0 [Note] InnoDB: Creating shared tablespace for temporary tables
2019-09-03T13:54:12.392480Z 0 [Note] InnoDB: Setting file './ibtmp1' size to 12 MB. Physically writing the file full; Please wait ...
2019-09-03T13:54:12.444662Z 0 [Note] InnoDB: File './ibtmp1' size is now 12 MB.
2019-09-03T13:54:12.447280Z 0 [Note] InnoDB: 96 redo rollback segment(s) found. 96 redo rollback segment(s) are active.
2019-09-03T13:54:12.448278Z 0 [Note] InnoDB: 32 non-redo rollback segment(s) are active.
2019-09-03T13:54:12.449498Z 0 [Note] InnoDB: Waiting for purge to start
2019-09-03T13:54:12.501052Z 0 [Note] InnoDB: 5.7.23 started; log sequence number 4556054
2019-09-03T13:54:12.502797Z 0 [Note] Plugin 'FEDERATED' is disabled.
2019-09-03T13:54:12.507748Z 0 [Note] InnoDB: Loading buffer pool(s) from /var/lib/mysql/ib_buffer_pool
2019-09-03T13:54:12.509271Z 0 [Warning] Failed to set up SSL because of the following SSL library error: SSL context is not usable without certificate and private key
2019-09-03T13:54:12.509588Z 0 [Note] Server hostname (bind-address): '*'; port: 3306
2019-09-03T13:54:12.509973Z 0 [Note] IPv6 is available.
2019-09-03T13:54:12.510984Z 0 [Note]   - '::' resolves to '::';
2019-09-03T13:54:12.511147Z 0 [Note] Server socket created on IP: '::'.
2019-09-03T13:54:12.523759Z 0 [Warning] 'user' entry 'root@localhost' ignored in --skip-name-resolve mode.
2019-09-03T13:54:12.523931Z 0 [Warning] 'user' entry 'mysql.session@localhost' ignored in --skip-name-resolve mode.
2019-09-03T13:54:12.524102Z 0 [Warning] 'user' entry 'mysql.sys@localhost' ignored in --skip-name-resolve mode.
2019-09-03T13:54:12.524403Z 0 [Warning] 'db' entry 'performance_schema mysql.session@localhost' ignored in --skip-name-resolve mode.
2019-09-03T13:54:12.524620Z 0 [Warning] 'db' entry 'sys mysql.sys@localhost' ignored in --skip-name-resolve mode.
2019-09-03T13:54:12.525054Z 0 [Warning] 'proxies_priv' entry '@ root@localhost' ignored in --skip-name-resolve mode.
2019-09-03T13:54:12.541347Z 0 [Warning] 'tables_priv' entry 'user mysql.session@localhost' ignored in --skip-name-resolve mode.
2019-09-03T13:54:12.541999Z 0 [Warning] 'tables_priv' entry 'sys_config mysql.sys@localhost' ignored in --skip-name-resolve mode.
2019-09-03T13:54:12.553846Z 0 [Note] InnoDB: Buffer pool(s) load completed at 190903 13:54:12
2019-09-03T13:54:12.593723Z 0 [Note] Event Scheduler: Loaded 0 events
2019-09-03T13:54:12.607686Z 0 [Note] /usr/sbin/mysqld: ready for connections.
Version: '5.7.23'  socket: '/var/run/mysqld/mysqld.sock'  port: 3306  MySQL Community Server (GPL)
2019-09-03T14:30:49.282451Z 0 [Note] Giving 0 client threads a chance to die gracefully
2019-09-03T14:30:49.282935Z 0 [Note] Shutting down slave threads
2019-09-03T14:30:49.283314Z 0 [Note] Forcefully disconnecting 0 remaining clients
2019-09-03T14:30:49.284255Z 0 [Note] Event Scheduler: Purging the queue. 0 events
2019-09-03T14:30:49.285277Z 0 [Note] Binlog end
2019-09-03T14:30:49.289232Z 0 [Note] Shutting down plugin 'ngram'
2019-09-03T14:30:49.289334Z 0 [Note] Shutting down plugin 'partition'
2019-09-03T14:30:49.291821Z 0 [Note] Shutting down plugin 'BLACKHOLE'
2019-09-03T14:30:49.291945Z 0 [Note] Shutting down plugin 'ARCHIVE'
2019-09-03T14:30:49.292052Z 0 [Note] Shutting down plugin 'PERFORMANCE_SCHEMA'
2019-09-03T14:30:49.293154Z 0 [Note] Shutting down plugin 'MRG_MYISAM'
2019-09-03T14:30:49.293255Z 0 [Note] Shutting down plugin 'MyISAM'
2019-09-03T14:30:49.294013Z 0 [Note] Shutting down plugin 'INNODB_SYS_VIRTUAL'
2019-09-03T14:30:49.294987Z 0 [Note] Shutting down plugin 'INNODB_SYS_DATAFILES'
2019-09-03T14:30:49.295384Z 0 [Note] Shutting down plugin 'INNODB_SYS_TABLESPACES'
2019-09-03T14:30:49.295966Z 0 [Note] Shutting down plugin 'INNODB_SYS_FOREIGN_COLS'
2019-09-03T14:30:49.297091Z 0 [Note] Shutting down plugin 'INNODB_SYS_FOREIGN'
2019-09-03T14:30:49.297275Z 0 [Note] Shutting down plugin 'INNODB_SYS_FIELDS'
2019-09-03T14:30:49.297357Z 0 [Note] Shutting down plugin 'INNODB_SYS_COLUMNS'
2019-09-03T14:30:49.297929Z 0 [Note] Shutting down plugin 'INNODB_SYS_INDEXES'
2019-09-03T14:30:49.298905Z 0 [Note] Shutting down plugin 'INNODB_SYS_TABLESTATS'
2019-09-03T14:30:49.299539Z 0 [Note] Shutting down plugin 'INNODB_SYS_TABLES'
2019-09-03T14:30:49.299975Z 0 [Note] Shutting down plugin 'INNODB_FT_INDEX_TABLE'
2019-09-03T14:30:49.301388Z 0 [Note] Shutting down plugin 'INNODB_FT_INDEX_CACHE'
2019-09-03T14:30:49.302008Z 0 [Note] Shutting down plugin 'INNODB_FT_CONFIG'
2019-09-03T14:30:49.302497Z 0 [Note] Shutting down plugin 'INNODB_FT_BEING_DELETED'
2019-09-03T14:30:49.302603Z 0 [Note] Shutting down plugin 'INNODB_FT_DELETED'
2019-09-03T14:30:49.302828Z 0 [Note] Shutting down plugin 'INNODB_FT_DEFAULT_STOPWORD'
2019-09-03T14:30:49.303040Z 0 [Note] Shutting down plugin 'INNODB_METRICS'
2019-09-03T14:30:49.304018Z 0 [Note] Shutting down plugin 'INNODB_TEMP_TABLE_INFO'
2019-09-03T14:30:49.304121Z 0 [Note] Shutting down plugin 'INNODB_BUFFER_POOL_STATS'
2019-09-03T14:30:49.304320Z 0 [Note] Shutting down plugin 'INNODB_BUFFER_PAGE_LRU'
2019-09-03T14:30:49.304662Z 0 [Note] Shutting down plugin 'INNODB_BUFFER_PAGE'
2019-09-03T14:30:49.304773Z 0 [Note] Shutting down plugin 'INNODB_CMP_PER_INDEX_RESET'
2019-09-03T14:30:49.305112Z 0 [Note] Shutting down plugin 'INNODB_CMP_PER_INDEX'
2019-09-03T14:30:49.305819Z 0 [Note] Shutting down plugin 'INNODB_CMPMEM_RESET'
2019-09-03T14:30:49.308667Z 0 [Note] Shutting down plugin 'INNODB_CMPMEM'
2019-09-03T14:30:49.308776Z 0 [Note] Shutting down plugin 'INNODB_CMP_RESET'
2019-09-03T14:30:49.308876Z 0 [Note] Shutting down plugin 'INNODB_CMP'
2019-09-03T14:30:49.309390Z 0 [Note] Shutting down plugin 'INNODB_LOCK_WAITS'
2019-09-03T14:30:49.309519Z 0 [Note] Shutting down plugin 'INNODB_LOCKS'
2019-09-03T14:30:49.310076Z 0 [Note] Shutting down plugin 'INNODB_TRX'
2019-09-03T14:30:49.310512Z 0 [Note] Shutting down plugin 'InnoDB'
2019-09-03T14:30:49.310771Z 0 [Note] InnoDB: FTS optimize thread exiting.
2019-09-03T14:30:49.311065Z 0 [Note] InnoDB: Starting shutdown...
2019-09-03T14:30:49.411673Z 0 [Note] InnoDB: Dumping buffer pool(s) to /var/lib/mysql/ib_buffer_pool
2019-09-03T14:30:49.412531Z 0 [Note] InnoDB: Buffer pool(s) dump completed at 190903 14:30:49
2019-09-03T14:30:50.450043Z 0 [Note] InnoDB: Shutdown completed; log sequence number 4739992
2019-09-03T14:30:50.456476Z 0 [Note] InnoDB: Removed temporary tablespace data file: "ibtmp1"
2019-09-03T14:30:50.456628Z 0 [Note] Shutting down plugin 'MEMORY'
2019-09-03T14:30:50.456708Z 0 [Note] Shutting down plugin 'CSV'
2019-09-03T14:30:50.456786Z 0 [Note] Shutting down plugin 'sha256_password'
2019-09-03T14:30:50.456860Z 0 [Note] Shutting down plugin 'mysql_native_password'
2019-09-03T14:30:50.457094Z 0 [Note] Shutting down plugin 'binlog'
2019-09-03T14:30:50.462011Z 0 [Note] /usr/sbin/mysqld: Shutdown complete

2019-09-04T13:05:27.815378Z 0 [Warning] TIMESTAMP with implicit DEFAULT value is deprecated. Please use --explicit_defaults_for_timestamp server option (see documentation for more details).
2019-09-04T13:05:27.815744Z 0 [Note] /usr/sbin/mysqld (mysqld 5.7.23) starting as process 79 ...
2019-09-04T13:05:27.832753Z 0 [Note] InnoDB: PUNCH HOLE support available
2019-09-04T13:05:27.832909Z 0 [Note] InnoDB: Mutexes and rw_locks use GCC atomic builtins
2019-09-04T13:05:27.833021Z 0 [Note] InnoDB: Uses event mutexes
2019-09-04T13:05:27.833120Z 0 [Note] InnoDB: GCC builtin __atomic_thread_fence() is used for memory barrier
2019-09-04T13:05:27.833764Z 0 [Note] InnoDB: Compressed tables use zlib 1.2.3
2019-09-04T13:05:27.833882Z 0 [Note] InnoDB: Using Linux native AIO
2019-09-04T13:05:27.834900Z 0 [Note] InnoDB: Number of pools: 1
2019-09-04T13:05:27.835125Z 0 [Note] InnoDB: Using CPU crc32 instructions
2019-09-04T13:05:27.837452Z 0 [Note] InnoDB: Initializing buffer pool, total size = 32M, instances = 1, chunk size = 32M
2019-09-04T13:05:27.849180Z 0 [Note] InnoDB: Completed initialization of buffer pool
2019-09-04T13:05:27.856214Z 0 [Note] InnoDB: If the mysqld execution user is authorized, page cleaner thread priority can be changed. See the man page of setpriority().
2019-09-04T13:05:27.870039Z 0 [Note] InnoDB: Highest supported file format is Barracuda.
2019-09-04T13:05:27.897335Z 0 [Note] InnoDB: Creating shared tablespace for temporary tables
2019-09-04T13:05:27.898338Z 0 [Note] InnoDB: Setting file './ibtmp1' size to 12 MB. Physically writing the file full; Please wait ...
2019-09-04T13:05:28.002808Z 0 [Note] InnoDB: File './ibtmp1' size is now 12 MB.
2019-09-04T13:05:28.006050Z 0 [Note] InnoDB: 96 redo rollback segment(s) found. 96 redo rollback segment(s) are active.
2019-09-04T13:05:28.006631Z 0 [Note] InnoDB: 32 non-redo rollback segment(s) are active.
2019-09-04T13:05:28.007857Z 0 [Note] InnoDB: Waiting for purge to start
2019-09-04T13:05:28.058867Z 0 [Note] InnoDB: 5.7.23 started; log sequence number 4739992
2019-09-04T13:05:28.059830Z 0 [Note] Plugin 'FEDERATED' is disabled.
2019-09-04T13:05:28.062041Z 0 [Warning] Failed to set up SSL because of the following SSL library error: SSL context is not usable without certificate and private key
2019-09-04T13:05:28.062240Z 0 [Note] Server hostname (bind-address): '*'; port: 3306
2019-09-04T13:05:28.062479Z 0 [Note] IPv6 is available.
2019-09-04T13:05:28.063184Z 0 [Note]   - '::' resolves to '::';
2019-09-04T13:05:28.063920Z 0 [Note] Server socket created on IP: '::'.
2019-09-04T13:05:28.072342Z 0 [Warning] 'user' entry 'root@localhost' ignored in --skip-name-resolve mode.
2019-09-04T13:05:28.072978Z 0 [Warning] 'user' entry 'mysql.session@localhost' ignored in --skip-name-resolve mode.
2019-09-04T13:05:28.073564Z 0 [Warning] 'user' entry 'mysql.sys@localhost' ignored in --skip-name-resolve mode.
2019-09-04T13:05:28.073949Z 0 [Warning] 'db' entry 'performance_schema mysql.session@localhost' ignored in --skip-name-resolve mode.
2019-09-04T13:05:28.074553Z 0 [Warning] 'db' entry 'sys mysql.sys@localhost' ignored in --skip-name-resolve mode.
2019-09-04T13:05:28.074901Z 0 [Warning] 'proxies_priv' entry '@ root@localhost' ignored in --skip-name-resolve mode.
2019-09-04T13:05:28.077669Z 0 [Warning] 'tables_priv' entry 'user mysql.session@localhost' ignored in --skip-name-resolve mode.
2019-09-04T13:05:28.072423Z 0 [Note] InnoDB: Loading buffer pool(s) from /var/lib/mysql/ib_buffer_pool
2019-09-04T13:05:28.080982Z 0 [Note] InnoDB: Buffer pool(s) load completed at 190904 13:05:28
2019-09-04T13:05:28.077901Z 0 [Warning] 'tables_priv' entry 'sys_config mysql.sys@localhost' ignored in --skip-name-resolve mode.
2019-09-04T13:05:28.092543Z 0 [Note] Event Scheduler: Loaded 0 events
2019-09-04T13:05:28.105015Z 0 [Note] /usr/sbin/mysqld: ready for connections.
Version: '5.7.23'  socket: '/var/run/mysqld/mysqld.sock'  port: 3306  MySQL Community Server (GPL)
2019-09-04T13:59:57.602294Z 0 [Note] Giving 0 client threads a chance to die gracefully
2019-09-04T13:59:57.602683Z 0 [Note] Shutting down slave threads
2019-09-04T13:59:57.602802Z 0 [Note] Forcefully disconnecting 0 remaining clients
2019-09-04T13:59:57.602873Z 0 [Note] Event Scheduler: Purging the queue. 0 events
2019-09-04T13:59:57.602986Z 0 [Note] Binlog end
2019-09-04T13:59:57.604821Z 0 [Note] Shutting down plugin 'ngram'
2019-09-04T13:59:57.605074Z 0 [Note] Shutting down plugin 'partition'
2019-09-04T13:59:57.605184Z 0 [Note] Shutting down plugin 'BLACKHOLE'
2019-09-04T13:59:57.605266Z 0 [Note] Shutting down plugin 'ARCHIVE'
2019-09-04T13:59:57.605601Z 0 [Note] Shutting down plugin 'PERFORMANCE_SCHEMA'
2019-09-04T13:59:57.606621Z 0 [Note] Shutting down plugin 'MRG_MYISAM'
2019-09-04T13:59:57.607822Z 0 [Note] Shutting down plugin 'MyISAM'
2019-09-04T13:59:57.607942Z 0 [Note] Shutting down plugin 'INNODB_SYS_VIRTUAL'
2019-09-04T13:59:57.608529Z 0 [Note] Shutting down plugin 'INNODB_SYS_DATAFILES'
2019-09-04T13:59:57.609540Z 0 [Note] Shutting down plugin 'INNODB_SYS_TABLESPACES'
2019-09-04T13:59:57.610113Z 0 [Note] Shutting down plugin 'INNODB_SYS_FOREIGN_COLS'
2019-09-04T13:59:57.610490Z 0 [Note] Shutting down plugin 'INNODB_SYS_FOREIGN'
2019-09-04T13:59:57.611471Z 0 [Note] Shutting down plugin 'INNODB_SYS_FIELDS'
2019-09-04T13:59:57.612524Z 0 [Note] Shutting down plugin 'INNODB_SYS_COLUMNS'
2019-09-04T13:59:57.709762Z 0 [Note] Shutting down plugin 'INNODB_SYS_INDEXES'
2019-09-04T13:59:57.744629Z 0 [Note] Shutting down plugin 'INNODB_SYS_TABLESTATS'
2019-09-04T13:59:57.745331Z 0 [Note] Shutting down plugin 'INNODB_SYS_TABLES'
2019-09-04T13:59:57.745583Z 0 [Note] Shutting down plugin 'INNODB_FT_INDEX_TABLE'
2019-09-04T13:59:57.746343Z 0 [Note] Shutting down plugin 'INNODB_FT_INDEX_CACHE'
2019-09-04T13:59:57.747939Z 0 [Note] Shutting down plugin 'INNODB_FT_CONFIG'
2019-09-04T13:59:57.748120Z 0 [Note] Shutting down plugin 'INNODB_FT_BEING_DELETED'
2019-09-04T13:59:57.748554Z 0 [Note] Shutting down plugin 'INNODB_FT_DELETED'
2019-09-04T13:59:57.749176Z 0 [Note] Shutting down plugin 'INNODB_FT_DEFAULT_STOPWORD'
2019-09-04T13:59:57.749486Z 0 [Note] Shutting down plugin 'INNODB_METRICS'
2019-09-04T13:59:57.749737Z 0 [Note] Shutting down plugin 'INNODB_TEMP_TABLE_INFO'
2019-09-04T13:59:57.749856Z 0 [Note] Shutting down plugin 'INNODB_BUFFER_POOL_STATS'
2019-09-04T13:59:57.750180Z 0 [Note] Shutting down plugin 'INNODB_BUFFER_PAGE_LRU'
2019-09-04T13:59:57.750348Z 0 [Note] Shutting down plugin 'INNODB_BUFFER_PAGE'
2019-09-04T13:59:57.750479Z 0 [Note] Shutting down plugin 'INNODB_CMP_PER_INDEX_RESET'
2019-09-04T13:59:57.750603Z 0 [Note] Shutting down plugin 'INNODB_CMP_PER_INDEX'
2019-09-04T13:59:57.750681Z 0 [Note] Shutting down plugin 'INNODB_CMPMEM_RESET'
2019-09-04T13:59:57.750774Z 0 [Note] Shutting down plugin 'INNODB_CMPMEM'
2019-09-04T13:59:57.750853Z 0 [Note] Shutting down plugin 'INNODB_CMP_RESET'
2019-09-04T13:59:57.750948Z 0 [Note] Shutting down plugin 'INNODB_CMP'
2019-09-04T13:59:57.751070Z 0 [Note] Shutting down plugin 'INNODB_LOCK_WAITS'
2019-09-04T13:59:57.751148Z 0 [Note] Shutting down plugin 'INNODB_LOCKS'
2019-09-04T13:59:57.751242Z 0 [Note] Shutting down plugin 'INNODB_TRX'
2019-09-04T13:59:57.751321Z 0 [Note] Shutting down plugin 'InnoDB'
2019-09-04T13:59:57.751613Z 0 [Note] InnoDB: FTS optimize thread exiting.
2019-09-04T13:59:57.752124Z 0 [Note] InnoDB: Starting shutdown...
2019-09-04T13:59:57.852792Z 0 [Note] InnoDB: Dumping buffer pool(s) to /var/lib/mysql/ib_buffer_pool
2019-09-04T13:59:57.853468Z 0 [Note] InnoDB: Buffer pool(s) dump completed at 190904 13:59:57
2019-09-04T13:59:59.590198Z 0 [Note] InnoDB: Shutdown completed; log sequence number 4888746
2019-09-04T13:59:59.596135Z 0 [Note] InnoDB: Removed temporary tablespace data file: "ibtmp1"
2019-09-04T13:59:59.596268Z 0 [Note] Shutting down plugin 'MEMORY'
2019-09-04T13:59:59.596345Z 0 [Note] Shutting down plugin 'CSV'
2019-09-04T13:59:59.596419Z 0 [Note] Shutting down plugin 'sha256_password'
2019-09-04T13:59:59.596637Z 0 [Note] Shutting down plugin 'mysql_native_password'
2019-09-04T13:59:59.596993Z 0 [Note] Shutting down plugin 'binlog'
2019-09-04T13:59:59.598059Z 0 [Note] /usr/sbin/mysqld: Shutdown complete

