[12-Sep-2019 14:26:16] NOTICE: fpm is running, pid 33
[12-Sep-2019 14:26:16] NOTICE: ready to handle connections
[12-Sep-2019 14:27:35] NOTICE: Terminating ...
[12-Sep-2019 14:27:35] NOTICE: exiting, bye-bye!
[12-Sep-2019 14:33:53] NOTICE: fpm is running, pid 56
[12-Sep-2019 14:33:53] NOTICE: ready to handle connections
[12-Sep-2019 14:34:27] NOTICE: Terminating ...
[12-Sep-2019 14:34:27] NOTICE: exiting, bye-bye!
[15-Sep-2019 05:52:55] NOTICE: fpm is running, pid 51
[15-Sep-2019 05:52:55] NOTICE: ready to handle connections
[15-Sep-2019 06:08:49] NOTICE: Terminating ...
[15-Sep-2019 06:08:49] NOTICE: exiting, bye-bye!
[15-Sep-2019 06:13:12] NOTICE: fpm is running, pid 56
[15-Sep-2019 06:13:12] NOTICE: ready to handle connections
[15-Sep-2019 06:13:20] NOTICE: Terminating ...
[15-Sep-2019 06:13:20] NOTICE: exiting, bye-bye!
[15-Sep-2019 06:13:51] NOTICE: fpm is running, pid 54
[15-Sep-2019 06:13:51] NOTICE: ready to handle connections
[15-Sep-2019 08:04:30] NOTICE: Terminating ...
[15-Sep-2019 08:04:30] NOTICE: exiting, bye-bye!
[15-Sep-2019 08:07:55] NOTICE: fpm is running, pid 54
[15-Sep-2019 08:07:55] NOTICE: ready to handle connections
[15-Sep-2019 08:09:10] NOTICE: Terminating ...
[15-Sep-2019 08:09:10] NOTICE: exiting, bye-bye!
[15-Sep-2019 08:26:20] NOTICE: fpm is running, pid 56
[15-Sep-2019 08:26:21] NOTICE: ready to handle connections
[15-Sep-2019 09:09:32] NOTICE: Terminating ...
[15-Sep-2019 09:09:32] NOTICE: exiting, bye-bye!
[16-Sep-2019 02:31:24] NOTICE: fpm is running, pid 51
[16-Sep-2019 02:31:24] NOTICE: ready to handle connections
[16-Sep-2019 07:11:33] NOTICE: Terminating ...
[16-Sep-2019 07:11:33] NOTICE: exiting, bye-bye!
[16-Sep-2019 07:13:08] NOTICE: fpm is running, pid 57
[16-Sep-2019 07:13:08] NOTICE: ready to handle connections
[16-Sep-2019 08:21:18] NOTICE: Terminating ...
[16-Sep-2019 08:21:18] NOTICE: exiting, bye-bye!
[23-Sep-2019 14:51:23] NOTICE: fpm is running, pid 68
[23-Sep-2019 14:51:23] NOTICE: ready to handle connections
[23-Sep-2019 16:12:47] NOTICE: Terminating ...
[23-Sep-2019 16:12:47] NOTICE: exiting, bye-bye!
[24-Sep-2019 12:29:33] NOTICE: fpm is running, pid 68
[24-Sep-2019 12:29:33] NOTICE: ready to handle connections
[24-Sep-2019 13:35:17] NOTICE: Terminating ...
[24-Sep-2019 13:35:17] NOTICE: exiting, bye-bye!
[25-Sep-2019 12:58:56] NOTICE: fpm is running, pid 64
[25-Sep-2019 12:58:56] NOTICE: ready to handle connections
[25-Sep-2019 13:16:42] NOTICE: Terminating ...
[25-Sep-2019 13:16:42] NOTICE: exiting, bye-bye!
[26-Sep-2019 12:33:31] NOTICE: fpm is running, pid 51
[26-Sep-2019 12:33:31] NOTICE: ready to handle connections
[26-Sep-2019 12:57:07] NOTICE: Terminating ...
[26-Sep-2019 12:57:07] NOTICE: exiting, bye-bye!
[26-Sep-2019 12:57:16] NOTICE: fpm is running, pid 56
[26-Sep-2019 12:57:16] NOTICE: ready to handle connections
[26-Sep-2019 13:27:58] WARNING: [pool www] server reached pm.max_children setting (5), consider raising it
[26-Sep-2019 13:29:16] WARNING: [pool www] server reached pm.max_children setting (5), consider raising it
[26-Sep-2019 13:31:12] NOTICE: Terminating ...
[26-Sep-2019 13:31:12] NOTICE: exiting, bye-bye!
[26-Sep-2019 13:31:20] NOTICE: fpm is running, pid 58
[26-Sep-2019 13:31:20] NOTICE: ready to handle connections
[26-Sep-2019 13:32:23] WARNING: [pool www] server reached pm.max_children setting (5), consider raising it
[26-Sep-2019 13:33:46] WARNING: [pool www] server reached pm.max_children setting (5), consider raising it
[26-Sep-2019 13:34:17] WARNING: [pool www] server reached pm.max_children setting (5), consider raising it
[26-Sep-2019 13:40:12] WARNING: [pool www] server reached pm.max_children setting (5), consider raising it
[26-Sep-2019 14:01:07] WARNING: [pool www] server reached pm.max_children setting (5), consider raising it
[26-Sep-2019 14:01:34] WARNING: [pool www] server reached pm.max_children setting (5), consider raising it
[26-Sep-2019 14:32:20] NOTICE: Terminating ...
[26-Sep-2019 14:32:20] NOTICE: exiting, bye-bye!
[02-Oct-2019 13:30:56] NOTICE: fpm is running, pid 68
[02-Oct-2019 13:30:56] NOTICE: ready to handle connections
[02-Oct-2019 14:42:26] NOTICE: Terminating ...
[02-Oct-2019 14:42:26] NOTICE: exiting, bye-bye!
[12-Oct-2019 12:40:01] NOTICE: fpm is running, pid 72
[12-Oct-2019 12:40:01] NOTICE: ready to handle connections
[12-Oct-2019 13:35:53] NOTICE: Terminating ...
[12-Oct-2019 13:35:53] NOTICE: exiting, bye-bye!
