2019-09-04T14:53:56.821146Z 0 [Warning] TIMESTAMP with implicit DEFAULT value is deprecated. Please use --explicit_defaults_for_timestamp server option (see documentation for more details).
2019-09-04T14:53:56.824744Z 0 [Note] /usr/sbin/mysqld (mysqld 5.7.23) starting as process 74 ...
2019-09-04T14:53:56.838824Z 0 [Note] InnoDB: PUNCH HOLE support available
2019-09-04T14:53:56.839397Z 0 [Note] InnoDB: Mutexes and rw_locks use GCC atomic builtins
2019-09-04T14:53:56.840337Z 0 [Note] InnoDB: Uses event mutexes
2019-09-04T14:53:56.841313Z 0 [Note] InnoDB: GCC builtin __atomic_thread_fence() is used for memory barrier
2019-09-04T14:53:56.841948Z 0 [Note] InnoDB: Compressed tables use zlib 1.2.3
2019-09-04T14:53:56.842291Z 0 [Note] InnoDB: Using Linux native AIO
2019-09-04T14:53:56.843546Z 0 [Note] InnoDB: Number of pools: 1
2019-09-04T14:53:56.844367Z 0 [Note] InnoDB: Using CPU crc32 instructions
2019-09-04T14:53:56.848665Z 0 [Note] InnoDB: Initializing buffer pool, total size = 32M, instances = 1, chunk size = 32M
2019-09-04T14:53:56.854179Z 0 [Note] InnoDB: Completed initialization of buffer pool
2019-09-04T14:53:56.858111Z 0 [Note] InnoDB: If the mysqld execution user is authorized, page cleaner thread priority can be changed. See the man page of setpriority().
2019-09-04T14:53:56.868160Z 0 [Note] InnoDB: Highest supported file format is Barracuda.
2019-09-04T14:53:56.885892Z 0 [Note] InnoDB: Creating shared tablespace for temporary tables
2019-09-04T14:53:56.886387Z 0 [Note] InnoDB: Setting file './ibtmp1' size to 12 MB. Physically writing the file full; Please wait ...
2019-09-04T14:53:56.922571Z 0 [Note] InnoDB: File './ibtmp1' size is now 12 MB.
2019-09-04T14:53:56.923970Z 0 [Note] InnoDB: 96 redo rollback segment(s) found. 96 redo rollback segment(s) are active.
2019-09-04T14:53:56.924388Z 0 [Note] InnoDB: 32 non-redo rollback segment(s) are active.
2019-09-04T14:53:56.925769Z 0 [Note] InnoDB: Waiting for purge to start
2019-09-04T14:53:56.977240Z 0 [Note] InnoDB: 5.7.23 started; log sequence number 4010144
2019-09-04T14:53:56.978966Z 0 [Note] Plugin 'FEDERATED' is disabled.
2019-09-04T14:53:56.982831Z 0 [Warning] Failed to set up SSL because of the following SSL library error: SSL context is not usable without certificate and private key
2019-09-04T14:53:56.983062Z 0 [Note] Server hostname (bind-address): '*'; port: 3306
2019-09-04T14:53:56.984072Z 0 [Note] IPv6 is available.
2019-09-04T14:53:56.985027Z 0 [Note]   - '::' resolves to '::';
2019-09-04T14:53:56.985993Z 0 [Note] Server socket created on IP: '::'.
2019-09-04T14:53:56.984186Z 0 [Note] InnoDB: Loading buffer pool(s) from /var/lib/mysql/ib_buffer_pool
2019-09-04T14:53:56.987984Z 0 [Note] InnoDB: Buffer pool(s) load completed at 190904 14:53:56
2019-09-04T14:53:56.989665Z 0 [Warning] 'user' entry 'root@localhost' ignored in --skip-name-resolve mode.
2019-09-04T14:53:56.989923Z 0 [Warning] 'user' entry 'mysql.session@localhost' ignored in --skip-name-resolve mode.
2019-09-04T14:53:56.990884Z 0 [Warning] 'user' entry 'mysql.sys@localhost' ignored in --skip-name-resolve mode.
2019-09-04T14:53:56.991728Z 0 [Warning] 'db' entry 'performance_schema mysql.session@localhost' ignored in --skip-name-resolve mode.
2019-09-04T14:53:56.991845Z 0 [Warning] 'db' entry 'sys mysql.sys@localhost' ignored in --skip-name-resolve mode.
2019-09-04T14:53:56.992830Z 0 [Warning] 'proxies_priv' entry '@ root@localhost' ignored in --skip-name-resolve mode.
2019-09-04T14:53:56.995154Z 0 [Warning] 'tables_priv' entry 'user mysql.session@localhost' ignored in --skip-name-resolve mode.
2019-09-04T14:53:56.995507Z 0 [Warning] 'tables_priv' entry 'sys_config mysql.sys@localhost' ignored in --skip-name-resolve mode.
2019-09-04T14:53:57.015137Z 0 [Note] Event Scheduler: Loaded 0 events
2019-09-04T14:53:57.020402Z 0 [Note] /usr/sbin/mysqld: ready for connections.
Version: '5.7.23'  socket: '/var/run/mysqld/mysqld.sock'  port: 3306  MySQL Community Server (GPL)
